Copyright 1986-2017 Xilinx, Inc. All Rights Reserved.
---------------------------------------------------------------------------------------------------------
| Tool Version : Vivado v.2017.4 (win64) Build 2086221 Fri Dec 15 20:55:39 MST 2017
| Date         : Sat Mar 24 21:21:40 2018
| Host         : DESKTOP-QNUK6RJ running 64-bit major release  (build 9200)
| Command      : report_control_sets -verbose -file design_motor_control_wrapper_control_sets_placed.rpt
| Design       : design_motor_control_wrapper
| Device       : xc7z020
---------------------------------------------------------------------------------------------------------

Control Set Information

Table of Contents
-----------------
1. Summary
2. Flip-Flop Distribution
3. Detailed Control Set Information

1. Summary
----------

+----------------------------------------------------------+-------+
|                          Status                          | Count |
+----------------------------------------------------------+-------+
| Number of unique control sets                            |    45 |
| Unused register locations in slices containing registers |   115 |
+----------------------------------------------------------+-------+


2. Flip-Flop Distribution
-------------------------

+--------------+-----------------------+------------------------+-----------------+--------------+
| Clock Enable | Synchronous Set/Reset | Asynchronous Set/Reset | Total Registers | Total Slices |
+--------------+-----------------------+------------------------+-----------------+--------------+
| No           | No                    | No                     |             160 |           58 |
| No           | No                    | Yes                    |               0 |            0 |
| No           | Yes                   | No                     |             133 |           44 |
| Yes          | No                    | No                     |             471 |          104 |
| Yes          | No                    | Yes                    |               0 |            0 |
| Yes          | Yes                   | No                     |              81 |           22 |
+--------------+-----------------------+------------------------+-----------------+--------------+


3. Detailed Control Set Information
-----------------------------------

+-------------------------------------------------------------+----------------------------------------------------------------------------------------------------------------------------------------------------------------------------+------------------------------------------------------------------------------------------------------------------------------------------------------+------------------+----------------+
|                         Clock Signal                        |                                                                                Enable Signal                                                                               |                                                                   Set/Reset Signal                                                                   | Slice Load Count | Bel Load Count |
+-------------------------------------------------------------+----------------------------------------------------------------------------------------------------------------------------------------------------------------------------+------------------------------------------------------------------------------------------------------------------------------------------------------+------------------+----------------+
|  design_motor_control_i/processing_system7_0/inst/FCLK_CLK0 | design_motor_control_i/ps7_0_axi_periph/s00_couplers/auto_pc/inst/gen_axilite.gen_b2s_conv.axilite_b2s/WR.b_channel_0/bid_fifo_0/bresp_push                                |                                                                                                                                                      |                1 |              2 |
|  design_motor_control_i/processing_system7_0/inst/FCLK_CLK0 |                                                                                                                                                                            | design_motor_control_i/ps7_0_axi_periph/s00_couplers/auto_pc/inst/gen_axilite.gen_b2s_conv.axilite_b2s/SI_REG/ar.ar_pipe/m_valid_i_reg_0             |                2 |              4 |
|  design_motor_control_i/processing_system7_0/inst/FCLK_CLK0 |                                                                                                                                                                            | design_motor_control_i/axi_gpio_0/U0/AXI_LITE_IPIF_I/I_SLAVE_ATTACHMENT/clear                                                                        |                1 |              4 |
|  design_motor_control_i/processing_system7_0/inst/FCLK_CLK0 |                                                                                                                                                                            | design_motor_control_i/axi_gpio_1/U0/AXI_LITE_IPIF_I/I_SLAVE_ATTACHMENT/I_DECODER/Not_Dual.ALLOUT_ND.READ_REG_GEN[0].reg1_reg[28]                    |                1 |              4 |
|  design_motor_control_i/processing_system7_0/inst/FCLK_CLK0 |                                                                                                                                                                            | design_motor_control_i/axi_gpio_1/U0/AXI_LITE_IPIF_I/I_SLAVE_ATTACHMENT/clear                                                                        |                2 |              4 |
|  design_motor_control_i/processing_system7_0/inst/FCLK_CLK0 | design_motor_control_i/ps7_0_axi_periph/s00_couplers/auto_pc/inst/gen_axilite.gen_b2s_conv.axilite_b2s/RD.ar_channel_0/ar_cmd_fsm_0/axlen_cnt_reg[4][0]                    | design_motor_control_i/ps7_0_axi_periph/s00_couplers/auto_pc/inst/gen_axilite.gen_b2s_conv.axilite_b2s/RD.ar_channel_0/ar_cmd_fsm_0/axlen_cnt_reg[7] |                1 |              4 |
|  design_motor_control_i/processing_system7_0/inst/FCLK_CLK0 |                                                                                                                                                                            | design_motor_control_i/ps7_0_axi_periph/s00_couplers/auto_pc/inst/gen_axilite.gen_b2s_conv.axilite_b2s/SI_REG/aw.aw_pipe/s_ready_i_reg_0             |                2 |              4 |
|  design_motor_control_i/processing_system7_0/inst/FCLK_CLK0 | design_motor_control_i/axi_gpio_0/U0/AXI_LITE_IPIF_I/I_SLAVE_ATTACHMENT/bus2ip_addr_i[8]_i_1_n_0                                                                           | design_motor_control_i/axi_gpio_0/U0/AXI_LITE_IPIF_I/I_SLAVE_ATTACHMENT/SR                                                                           |                1 |              4 |
|  design_motor_control_i/processing_system7_0/inst/FCLK_CLK0 | design_motor_control_i/axi_gpio_0/U0/AXI_LITE_IPIF_I/I_SLAVE_ATTACHMENT/start2                                                                                             | design_motor_control_i/axi_gpio_0/U0/AXI_LITE_IPIF_I/I_SLAVE_ATTACHMENT/I_DECODER/cs_ce_clr                                                          |                1 |              4 |
|  design_motor_control_i/processing_system7_0/inst/FCLK_CLK0 | design_motor_control_i/axi_gpio_1/U0/AXI_LITE_IPIF_I/I_SLAVE_ATTACHMENT/bus2ip_addr_i[8]_i_1_n_0                                                                           | design_motor_control_i/axi_gpio_1/U0/AXI_LITE_IPIF_I/I_SLAVE_ATTACHMENT/SR                                                                           |                2 |              4 |
|  design_motor_control_i/processing_system7_0/inst/FCLK_CLK0 | design_motor_control_i/axi_gpio_1/U0/AXI_LITE_IPIF_I/I_SLAVE_ATTACHMENT/start2                                                                                             | design_motor_control_i/axi_gpio_1/U0/AXI_LITE_IPIF_I/I_SLAVE_ATTACHMENT/I_DECODER/cs_ce_clr                                                          |                1 |              4 |
|  design_motor_control_i/processing_system7_0/inst/FCLK_CLK0 | design_motor_control_i/ps7_0_axi_periph/s00_couplers/auto_pc/inst/gen_axilite.gen_b2s_conv.axilite_b2s/WR.aw_channel_0/aw_cmd_fsm_0/E[0]                                   | design_motor_control_i/ps7_0_axi_periph/s00_couplers/auto_pc/inst/gen_axilite.gen_b2s_conv.axilite_b2s/WR.aw_channel_0/aw_cmd_fsm_0/axlen_cnt_reg[7] |                1 |              4 |
|  design_motor_control_i/processing_system7_0/inst/FCLK_CLK0 |                                                                                                                                                                            | design_motor_control_i/axi_gpio_0/U0/AXI_LITE_IPIF_I/I_SLAVE_ATTACHMENT/I_DECODER/Not_Dual.ALLIN1_ND.READ_REG_GEN[0].reg1_reg[27]                    |                2 |              5 |
|  design_motor_control_i/processing_system7_0/inst/FCLK_CLK0 |                                                                                                                                                                            | design_motor_control_i/rst_ps7_0_100M/U0/EXT_LPF/lpf_int                                                                                             |                2 |              5 |
|  design_motor_control_i/processing_system7_0/inst/FCLK_CLK0 | design_motor_control_i/axi_gpio_0/U0/AXI_LITE_IPIF_I/I_SLAVE_ATTACHMENT/I_DECODER/Not_Dual.gpio_OE_reg[0][0]                                                               | design_motor_control_i/axi_gpio_0/U0/AXI_LITE_IPIF_I/I_SLAVE_ATTACHMENT/SR                                                                           |                1 |              5 |
|  design_motor_control_i/processing_system7_0/inst/FCLK_CLK0 | design_motor_control_i/axi_gpio_1/U0/AXI_LITE_IPIF_I/I_SLAVE_ATTACHMENT/s_axi_rdata_i[31]_i_1_n_0                                                                          | design_motor_control_i/axi_gpio_1/U0/AXI_LITE_IPIF_I/I_SLAVE_ATTACHMENT/SR                                                                           |                2 |              5 |
|  design_motor_control_i/processing_system7_0/inst/FCLK_CLK0 | design_motor_control_i/axi_gpio_0/U0/AXI_LITE_IPIF_I/I_SLAVE_ATTACHMENT/s_axi_rdata_i[31]_i_1_n_0                                                                          | design_motor_control_i/axi_gpio_0/U0/AXI_LITE_IPIF_I/I_SLAVE_ATTACHMENT/SR                                                                           |                1 |              6 |
|  design_motor_control_i/processing_system7_0/inst/FCLK_CLK0 | design_motor_control_i/rst_ps7_0_100M/U0/SEQ/seq_cnt_en                                                                                                                    | design_motor_control_i/rst_ps7_0_100M/U0/SEQ/SEQ_COUNTER/clear                                                                                       |                1 |              6 |
|  design_motor_control_i/processing_system7_0/inst/FCLK_CLK0 | design_motor_control_i/ps7_0_axi_periph/s00_couplers/auto_pc/inst/gen_axilite.gen_b2s_conv.axilite_b2s/WR.b_channel_0/mhandshake_r                                         | design_motor_control_i/ps7_0_axi_periph/s00_couplers/auto_pc/inst/gen_axilite.gen_b2s_conv.axilite_b2s/WR.b_channel_0/bid_fifo_0/SR[0]               |                2 |              8 |
|  design_motor_control_i/processing_system7_0/inst/FCLK_CLK0 | design_motor_control_i/axi_gpio_1/U0/AXI_LITE_IPIF_I/I_SLAVE_ATTACHMENT/I_DECODER/E[0]                                                                                     | design_motor_control_i/axi_gpio_1/U0/AXI_LITE_IPIF_I/I_SLAVE_ATTACHMENT/SR                                                                           |                2 |              8 |
|  design_motor_control_i/processing_system7_0/inst/FCLK_CLK0 |                                                                                                                                                                            | design_motor_control_i/ps7_0_axi_periph/xbar/inst/gen_sasd.crossbar_sasd_0/addr_arbiter_inst/SR[0]                                                   |                3 |             11 |
|  design_motor_control_i/processing_system7_0/inst/FCLK_CLK0 | design_motor_control_i/ps7_0_axi_periph/s00_couplers/auto_pc/inst/gen_axilite.gen_b2s_conv.axilite_b2s/RD.ar_channel_0/ar_cmd_fsm_0/E[0]                                   |                                                                                                                                                      |                5 |             12 |
|  design_motor_control_i/processing_system7_0/inst/FCLK_CLK0 | design_motor_control_i/ps7_0_axi_periph/s00_couplers/auto_pc/inst/gen_axilite.gen_b2s_conv.axilite_b2s/RD.ar_channel_0/ar_cmd_fsm_0/axaddr_incr_reg[0][0]                  |                                                                                                                                                      |                3 |             12 |
|  design_motor_control_i/processing_system7_0/inst/FCLK_CLK0 | design_motor_control_i/ps7_0_axi_periph/s00_couplers/auto_pc/inst/gen_axilite.gen_b2s_conv.axilite_b2s/WR.aw_channel_0/cmd_translator_0/incr_cmd_0/axaddr_incr[11]_i_1_n_0 |                                                                                                                                                      |                2 |             12 |
|  design_motor_control_i/processing_system7_0/inst/FCLK_CLK0 | design_motor_control_i/ps7_0_axi_periph/s00_couplers/auto_pc/inst/gen_axilite.gen_b2s_conv.axilite_b2s/WR.aw_channel_0/aw_cmd_fsm_0/wrap_boundary_axaddr_r_reg[0][0]       |                                                                                                                                                      |                5 |             12 |
|  design_motor_control_i/processing_system7_0/inst/FCLK_CLK0 | design_motor_control_i/ps7_0_axi_periph/s00_couplers/auto_pc/inst/gen_axilite.gen_b2s_conv.axilite_b2s/RD.r_channel_0/r_push_r                                             |                                                                                                                                                      |                4 |             13 |
|  design_motor_control_i/processing_system7_0/inst/FCLK_CLK0 | design_motor_control_i/ps7_0_axi_periph/s00_couplers/auto_pc/inst/gen_axilite.gen_b2s_conv.axilite_b2s/SI_REG/b.b_pipe/skid_buffer_reg[0]_0                                |                                                                                                                                                      |                2 |             14 |
|  design_motor_control_i/processing_system7_0/inst/FCLK_CLK0 | design_motor_control_i/ps7_0_axi_periph/s00_couplers/auto_pc/inst/gen_axilite.gen_b2s_conv.axilite_b2s/SI_REG/b.b_pipe/p_1_in                                              |                                                                                                                                                      |                2 |             14 |
|  design_motor_control_i/processing_system7_0/inst/FCLK_CLK0 |                                                                                                                                                                            | design_motor_control_i/axi_gpio_1/U0/AXI_LITE_IPIF_I/I_SLAVE_ATTACHMENT/SR                                                                           |                7 |             16 |
|  design_motor_control_i/processing_system7_0/inst/FCLK_CLK0 | design_motor_control_i/ps7_0_axi_periph/s00_couplers/auto_pc/inst/gen_axilite.gen_b2s_conv.axilite_b2s/WR.aw_channel_0/aw_cmd_fsm_0/b_push                                 |                                                                                                                                                      |                3 |             16 |
|  design_motor_control_i/processing_system7_0/inst/FCLK_CLK0 |                                                                                                                                                                            | design_motor_control_i/axi_gpio_0/U0/AXI_LITE_IPIF_I/I_SLAVE_ATTACHMENT/SR                                                                           |                7 |             17 |
|  design_motor_control_i/processing_system7_0/inst/FCLK_CLK0 | design_motor_control_i/ps7_0_axi_periph/xbar/inst/gen_sasd.crossbar_sasd_0/addr_arbiter_inst/p_0_in1_in                                                                    | design_motor_control_i/ps7_0_axi_periph/xbar/inst/gen_sasd.crossbar_sasd_0/addr_arbiter_inst/SR[0]                                                   |                6 |             19 |
|  design_motor_control_i/processing_system7_0/inst/FCLK_CLK0 | design_motor_control_i/ps7_0_axi_periph/s00_couplers/auto_pc/inst/gen_axilite.gen_b2s_conv.axilite_b2s/RD.ar_channel_0/ar_cmd_fsm_0/axlen_cnt_reg[4][0]                    |                                                                                                                                                      |                7 |             21 |
|  design_motor_control_i/processing_system7_0/inst/FCLK_CLK0 | design_motor_control_i/ps7_0_axi_periph/s00_couplers/auto_pc/inst/gen_axilite.gen_b2s_conv.axilite_b2s/WR.aw_channel_0/aw_cmd_fsm_0/E[0]                                   |                                                                                                                                                      |                9 |             21 |
|  design_motor_control_i/processing_system7_0/inst/FCLK_CLK0 | design_motor_control_i/ps7_0_axi_periph/xbar/inst/gen_sasd.crossbar_sasd_0/reg_slice_r/aa_rready                                                                           |                                                                                                                                                      |               10 |             32 |
|  design_motor_control_i/processing_system7_0/inst/FCLK_CLK0 | design_motor_control_i/ps7_0_axi_periph/s00_couplers/auto_pc/inst/gen_axilite.gen_b2s_conv.axilite_b2s/RD.r_channel_0/rd_data_fifo_0/wr_en0                                |                                                                                                                                                      |                9 |             34 |
|  design_motor_control_i/processing_system7_0/inst/FCLK_CLK0 | design_motor_control_i/ps7_0_axi_periph/xbar/inst/gen_sasd.crossbar_sasd_0/addr_arbiter_inst/E[0]                                                                          |                                                                                                                                                      |                9 |             35 |
|  design_motor_control_i/processing_system7_0/inst/FCLK_CLK0 | design_motor_control_i/ps7_0_axi_periph/s00_couplers/auto_pc/inst/gen_axilite.gen_b2s_conv.axilite_b2s/SI_REG/r.r_pipe/p_1_in                                              |                                                                                                                                                      |                8 |             47 |
|  design_motor_control_i/processing_system7_0/inst/FCLK_CLK0 | design_motor_control_i/ps7_0_axi_periph/s00_couplers/auto_pc/inst/gen_axilite.gen_b2s_conv.axilite_b2s/SI_REG/r.r_pipe/skid_buffer_reg[0]_0                                |                                                                                                                                                      |               10 |             47 |
|  design_motor_control_i/processing_system7_0/inst/FCLK_CLK0 | design_motor_control_i/ps7_0_axi_periph/s00_couplers/auto_pc/inst/gen_axilite.gen_b2s_conv.axilite_b2s/SI_REG/ar.ar_pipe/s_axi_arready                                     |                                                                                                                                                      |                8 |             48 |
|  design_motor_control_i/processing_system7_0/inst/FCLK_CLK0 | design_motor_control_i/ps7_0_axi_periph/s00_couplers/auto_pc/inst/gen_axilite.gen_b2s_conv.axilite_b2s/RD.ar_channel_0/ar_cmd_fsm_0/m_payload_i_reg[0]_1[0]                |                                                                                                                                                      |                9 |             48 |
|  design_motor_control_i/processing_system7_0/inst/FCLK_CLK0 | design_motor_control_i/ps7_0_axi_periph/s00_couplers/auto_pc/inst/gen_axilite.gen_b2s_conv.axilite_b2s/WR.aw_channel_0/aw_cmd_fsm_0/m_payload_i_reg[0][0]                  |                                                                                                                                                      |                8 |             48 |
|  design_motor_control_i/processing_system7_0/inst/FCLK_CLK0 | design_motor_control_i/ps7_0_axi_periph/s00_couplers/auto_pc/inst/gen_axilite.gen_b2s_conv.axilite_b2s/SI_REG/aw.aw_pipe/s_axi_awready                                     |                                                                                                                                                      |                7 |             48 |
|  design_motor_control_i/processing_system7_0/inst/FCLK_CLK0 |                                                                                                                                                                            | design_motor_control_i/ps7_0_axi_periph/s00_couplers/auto_pc/inst/gen_axilite.gen_b2s_conv.axilite_b2s/areset_d1                                     |               15 |             59 |
|  design_motor_control_i/processing_system7_0/inst/FCLK_CLK0 |                                                                                                                                                                            |                                                                                                                                                      |               59 |            161 |
+-------------------------------------------------------------+----------------------------------------------------------------------------------------------------------------------------------------------------------------------------+------------------------------------------------------------------------------------------------------------------------------------------------------+------------------+----------------+


+--------+-----------------------+
| Fanout | Number of ControlSets |
+--------+-----------------------+
| 2      |                     1 |
| 4      |                    11 |
| 5      |                     4 |
| 6      |                     2 |
| 8      |                     2 |
| 11     |                     1 |
| 12     |                     4 |
| 13     |                     1 |
| 14     |                     2 |
| 16+    |                    17 |
+--------+-----------------------+


