12:23:26 INFO  : Registering command handlers for SDK TCF services
12:23:28 INFO  : Launching XSCT server: xsct.bat -interactive D:\ALL_PROJECTS\hello_world\hello_world.sdk\temp_xsdb_launch_script.tcl
12:23:32 INFO  : XSCT server has started successfully.
12:23:36 INFO  : Successfully done setting XSCT server connection channel  
12:23:36 INFO  : Processing command line option -hwspec D:/ALL_PROJECTS/hello_world/hello_world.sdk/system_wrapper.hdf.
12:23:36 INFO  : Successfully done setting SDK workspace  
12:28:03 INFO  : Connected to target on host '127.0.0.1' and port '3121'.
12:28:21 INFO  : ----------------XSDB Script----------------
connect -url tcp:127.0.0.1:3121
----------------End of Script----------------

12:29:46 INFO  : Connected to target on host '127.0.0.1' and port '3121'.
12:30:04 INFO  : ----------------XSDB Script----------------
connect -url tcp:127.0.0.1:3121
----------------End of Script----------------

12:34:52 INFO  : Connected to target on host '127.0.0.1' and port '3121'.
12:35:10 INFO  : ----------------XSDB Script----------------
connect -url tcp:127.0.0.1:3121
----------------End of Script----------------

12:40:11 INFO  : Connected to target on host '127.0.0.1' and port '3121'.
12:40:29 INFO  : ----------------XSDB Script----------------
connect -url tcp:127.0.0.1:3121
----------------End of Script----------------

12:41:40 WARN  : Given IPC port value is invalid. Using default port 2350
12:41:40 WARN  : Given XMD timeout value is invalid. Using default value of 50000
12:41:42 WARN  : Given XMD transaction timeout value is invalid. Using default value of 60000 milli seconds
12:41:42 WARN  : Given XMD transaction timeout value is invalid. Using default value of 60000 milli seconds
12:41:47 WARN  : Given XMD transaction timeout value is invalid. Using default value of 60000 milli seconds
12:41:47 WARN  : Given XMD transaction timeout value is invalid. Using default value of 60000 milli seconds
12:41:47 ERROR : Unexpected error while launching program.
com.xilinx.sdk.targetmanager.TMException: 
    Unknown Error Occured
    Cable is not connected to the host

	at com.xilinx.sdk.targetmanager.internal.TM.connectToProcessor(TM.java:478)
	at com.xilinx.sdk.debug.core.XilinxAppLaunchConfigurationDelegate.runTargetSetup(XilinxAppLaunchConfigurationDelegate.java:503)
	at com.xilinx.sdk.debug.core.XilinxAppLaunchConfigurationDelegate.runApplication(XilinxAppLaunchConfigurationDelegate.java:616)
	at com.xilinx.sdk.debug.core.XilinxAppLaunchConfigurationDelegate.launch(XilinxAppLaunchConfigurationDelegate.java:309)
	at com.xilinx.sdk.debug.ui.XilinxAppLaunchDelegateWrapper.launch(XilinxAppLaunchDelegateWrapper.java:31)
	at org.eclipse.debug.internal.core.LaunchConfiguration.launch(LaunchConfiguration.java:885)
	at org.eclipse.debug.internal.core.LaunchConfiguration.launch(LaunchConfiguration.java:739)
	at org.eclipse.debug.internal.ui.DebugUIPlugin.buildAndLaunch(DebugUIPlugin.java:1039)
	at org.eclipse.debug.internal.ui.DebugUIPlugin$8.run(DebugUIPlugin.java:1256)
	at org.eclipse.core.internal.jobs.Worker.run(Worker.java:55)
12:42:58 WARN  : Given XMD transaction timeout value is invalid. Using default value of 60000 milli seconds
12:42:58 WARN  : Given XMD transaction timeout value is invalid. Using default value of 60000 milli seconds
12:42:59 ERROR : Unexpected error while launching program.
com.xilinx.sdk.targetmanager.TMException: 
    Unknown Error Occured
    Cable is not connected to the host

	at com.xilinx.sdk.targetmanager.internal.TM.connectToProcessor(TM.java:478)
	at com.xilinx.sdk.debug.core.XilinxAppLaunchConfigurationDelegate.runTargetSetup(XilinxAppLaunchConfigurationDelegate.java:503)
	at com.xilinx.sdk.debug.core.XilinxAppLaunchConfigurationDelegate.runApplication(XilinxAppLaunchConfigurationDelegate.java:616)
	at com.xilinx.sdk.debug.core.XilinxAppLaunchConfigurationDelegate.launch(XilinxAppLaunchConfigurationDelegate.java:309)
	at com.xilinx.sdk.debug.ui.XilinxAppLaunchDelegateWrapper.launch(XilinxAppLaunchDelegateWrapper.java:31)
	at org.eclipse.debug.internal.core.LaunchConfiguration.launch(LaunchConfiguration.java:885)
	at org.eclipse.debug.internal.core.LaunchConfiguration.launch(LaunchConfiguration.java:739)
	at org.eclipse.debug.internal.ui.DebugUIPlugin.buildAndLaunch(DebugUIPlugin.java:1039)
	at org.eclipse.debug.internal.ui.DebugUIPlugin$8.run(DebugUIPlugin.java:1256)
	at org.eclipse.core.internal.jobs.Worker.run(Worker.java:55)
13:11:16 INFO  : Connected to target on host '127.0.0.1' and port '3121'.
13:11:16 INFO  : Jtag cable 'Digilent Zed 210248A49B8A' is selected.
13:11:16 INFO  : 'jtag frequency' command is executed.
13:11:16 INFO  : Sourcing of 'D:/ALL_PROJECTS/hello_world/hello_world.sdk/system_wrapper_hw_platform_0/ps7_init.tcl' is done.
13:11:16 INFO  : Context for 'APU' is selected.
13:11:16 INFO  : Hardware design information is loaded from 'D:/ALL_PROJECTS/hello_world/hello_world.sdk/system_wrapper_hw_platform_0/system.hdf'.
13:11:16 INFO  : 'configparams force-mem-access 1' command is executed.
13:11:16 INFO  : Context for 'APU' is selected.
13:11:16 INFO  : 'stop' command is executed.
13:11:17 INFO  : 'ps7_init' command is executed.
13:11:17 INFO  : 'ps7_post_config' command is executed.
13:11:17 INFO  : Context for processor 'ps7_cortexa9_0' is selected.
13:11:17 INFO  : Processor reset is completed for 'ps7_cortexa9_0'.
13:11:17 INFO  : Context for processor 'ps7_cortexa9_0' is selected.
13:11:17 INFO  : The application 'D:/ALL_PROJECTS/hello_world/hello_world.sdk/Hello_world/Debug/Hello_world.elf' is downloaded to processor 'ps7_cortexa9_0'.
13:11:17 INFO  : 'configparams force-mem-access 0' command is executed.
13:11:17 INFO  : ----------------XSDB Script----------------
connect -url tcp:127.0.0.1:3121
source D:/ALL_PROJECTS/hello_world/hello_world.sdk/system_wrapper_hw_platform_0/ps7_init.tcl
targets -set -nocase -filter {name =~"APU*" && jtag_cable_name =~ "Digilent Zed 210248A49B8A"} -index 0
loadhw -hw D:/ALL_PROJECTS/hello_world/hello_world.sdk/system_wrapper_hw_platform_0/system.hdf -mem-ranges [list {0x40000000 0xbfffffff}]
configparams force-mem-access 1
targets -set -nocase -filter {name =~"APU*" && jtag_cable_name =~ "Digilent Zed 210248A49B8A"} -index 0
stop
ps7_init
ps7_post_config
targets -set -nocase -filter {name =~ "ARM*#0" && jtag_cable_name =~ "Digilent Zed 210248A49B8A"} -index 0
rst -processor
targets -set -nocase -filter {name =~ "ARM*#0" && jtag_cable_name =~ "Digilent Zed 210248A49B8A"} -index 0
dow D:/ALL_PROJECTS/hello_world/hello_world.sdk/Hello_world/Debug/Hello_world.elf
configparams force-mem-access 0
----------------End of Script----------------

13:11:17 INFO  : Context for processor 'ps7_cortexa9_0' is selected.
13:11:17 INFO  : 'con' command is executed.
13:11:17 INFO  : ----------------XSDB Script (After Launch)----------------
targets -set -nocase -filter {name =~ "ARM*#0" && jtag_cable_name =~ "Digilent Zed 210248A49B8A"} -index 0
con
----------------End of Script----------------

13:11:17 INFO  : Launch script is exported to file 'D:\ALL_PROJECTS\hello_world\hello_world.sdk\.sdk\launch_scripts\xilinx_c-c++_application_(system_debugger)\system_debugger_using_debug_hello_world.elf_on_local.tcl'
13:30:56 INFO  : Disconnected from the channel tcfchan#1.
13:30:58 ERROR : Unexpected error while parsing XMD response ?: com.google.gson.JsonSyntaxException: com.google.gson.stream.MalformedJsonException: invalid number or unquoted string near 
14:17:36 INFO  : Launching XSCT server: xsct.bat -interactive D:\ALL_PROJECTS\hello_world\hello_world.sdk\temp_xsdb_launch_script.tcl
14:17:39 INFO  : XSCT server has started successfully.
14:17:42 INFO  : Successfully done setting XSCT server connection channel  
14:17:42 INFO  : Successfully done setting SDK workspace  
14:17:52 INFO  : Registering command handlers for SDK TCF services
14:17:52 INFO  : Processing command line option -hwspec D:/ALL_PROJECTS/hello_world/hello_world.sdk/system_wrapper.hdf.
14:17:53 INFO  : Checking for hwspec changes in the project system_wrapper_hw_platform_0.
14:18:43 INFO  : Connected to target on host '127.0.0.1' and port '3121'.
14:18:43 INFO  : Jtag cable 'Digilent Zed 210248A49B8A' is selected.
14:18:43 INFO  : 'jtag frequency' command is executed.
14:18:43 INFO  : Sourcing of 'D:/ALL_PROJECTS/hello_world/hello_world.sdk/system_wrapper_hw_platform_0/ps7_init.tcl' is done.
14:18:43 INFO  : Context for 'APU' is selected.
14:18:44 INFO  : Hardware design information is loaded from 'D:/ALL_PROJECTS/hello_world/hello_world.sdk/system_wrapper_hw_platform_0/system.hdf'.
14:18:44 INFO  : 'configparams force-mem-access 1' command is executed.
14:18:44 INFO  : Context for 'APU' is selected.
14:18:44 INFO  : 'stop' command is executed.
14:18:44 INFO  : 'ps7_init' command is executed.
14:18:44 INFO  : 'ps7_post_config' command is executed.
14:18:44 INFO  : Context for processor 'ps7_cortexa9_0' is selected.
14:18:44 INFO  : Processor reset is completed for 'ps7_cortexa9_0'.
14:18:44 INFO  : Context for processor 'ps7_cortexa9_0' is selected.
14:18:44 INFO  : The application 'D:/ALL_PROJECTS/hello_world/hello_world.sdk/Hello_world/Debug/Hello_world.elf' is downloaded to processor 'ps7_cortexa9_0'.
14:18:44 INFO  : 'configparams force-mem-access 0' command is executed.
14:18:44 INFO  : ----------------XSDB Script----------------
connect -url tcp:127.0.0.1:3121
source D:/ALL_PROJECTS/hello_world/hello_world.sdk/system_wrapper_hw_platform_0/ps7_init.tcl
targets -set -nocase -filter {name =~"APU*" && jtag_cable_name =~ "Digilent Zed 210248A49B8A"} -index 0
loadhw -hw D:/ALL_PROJECTS/hello_world/hello_world.sdk/system_wrapper_hw_platform_0/system.hdf -mem-ranges [list {0x40000000 0xbfffffff}]
configparams force-mem-access 1
targets -set -nocase -filter {name =~"APU*" && jtag_cable_name =~ "Digilent Zed 210248A49B8A"} -index 0
stop
ps7_init
ps7_post_config
targets -set -nocase -filter {name =~ "ARM*#0" && jtag_cable_name =~ "Digilent Zed 210248A49B8A"} -index 0
rst -processor
targets -set -nocase -filter {name =~ "ARM*#0" && jtag_cable_name =~ "Digilent Zed 210248A49B8A"} -index 0
dow D:/ALL_PROJECTS/hello_world/hello_world.sdk/Hello_world/Debug/Hello_world.elf
configparams force-mem-access 0
----------------End of Script----------------

14:18:45 INFO  : Context for processor 'ps7_cortexa9_0' is selected.
14:18:45 INFO  : 'con' command is executed.
14:18:45 INFO  : ----------------XSDB Script (After Launch)----------------
targets -set -nocase -filter {name =~ "ARM*#0" && jtag_cable_name =~ "Digilent Zed 210248A49B8A"} -index 0
con
----------------End of Script----------------

14:18:45 INFO  : Launch script is exported to file 'D:\ALL_PROJECTS\hello_world\hello_world.sdk\.sdk\launch_scripts\xilinx_c-c++_application_(system_debugger)\system_debugger_using_debug_hello_world.elf_on_local.tcl'
14:19:09 INFO  : Disconnected from the channel tcfchan#1.
14:19:10 INFO  : Connected to target on host '127.0.0.1' and port '3121'.
14:19:11 INFO  : Jtag cable 'Digilent Zed 210248A49B8A' is selected.
14:19:11 INFO  : 'jtag frequency' command is executed.
14:19:11 INFO  : Sourcing of 'D:/ALL_PROJECTS/hello_world/hello_world.sdk/system_wrapper_hw_platform_0/ps7_init.tcl' is done.
14:19:11 INFO  : Context for 'APU' is selected.
14:19:14 INFO  : Hardware design information is loaded from 'D:/ALL_PROJECTS/hello_world/hello_world.sdk/system_wrapper_hw_platform_0/system.hdf'.
14:19:14 INFO  : 'configparams force-mem-access 1' command is executed.
14:19:14 INFO  : Context for 'APU' is selected.
14:19:14 INFO  : 'stop' command is executed.
14:19:14 INFO  : 'ps7_init' command is executed.
14:19:15 INFO  : 'ps7_post_config' command is executed.
14:19:15 INFO  : Context for processor 'ps7_cortexa9_0' is selected.
14:19:15 INFO  : Processor reset is completed for 'ps7_cortexa9_0'.
14:19:15 INFO  : Context for processor 'ps7_cortexa9_0' is selected.
14:19:15 INFO  : The application 'D:/ALL_PROJECTS/hello_world/hello_world.sdk/Hello_world/Debug/Hello_world.elf' is downloaded to processor 'ps7_cortexa9_0'.
14:19:15 INFO  : 'configparams force-mem-access 0' command is executed.
14:19:15 INFO  : ----------------XSDB Script----------------
connect -url tcp:127.0.0.1:3121
source D:/ALL_PROJECTS/hello_world/hello_world.sdk/system_wrapper_hw_platform_0/ps7_init.tcl
targets -set -nocase -filter {name =~"APU*" && jtag_cable_name =~ "Digilent Zed 210248A49B8A"} -index 0
loadhw -hw D:/ALL_PROJECTS/hello_world/hello_world.sdk/system_wrapper_hw_platform_0/system.hdf -mem-ranges [list {0x40000000 0xbfffffff}]
configparams force-mem-access 1
targets -set -nocase -filter {name =~"APU*" && jtag_cable_name =~ "Digilent Zed 210248A49B8A"} -index 0
stop
ps7_init
ps7_post_config
targets -set -nocase -filter {name =~ "ARM*#0" && jtag_cable_name =~ "Digilent Zed 210248A49B8A"} -index 0
rst -processor
targets -set -nocase -filter {name =~ "ARM*#0" && jtag_cable_name =~ "Digilent Zed 210248A49B8A"} -index 0
dow D:/ALL_PROJECTS/hello_world/hello_world.sdk/Hello_world/Debug/Hello_world.elf
configparams force-mem-access 0
----------------End of Script----------------

14:19:15 INFO  : Context for processor 'ps7_cortexa9_0' is selected.
14:19:15 INFO  : 'con' command is executed.
14:19:15 INFO  : ----------------XSDB Script (After Launch)----------------
targets -set -nocase -filter {name =~ "ARM*#0" && jtag_cable_name =~ "Digilent Zed 210248A49B8A"} -index 0
con
----------------End of Script----------------

14:19:15 INFO  : Launch script is exported to file 'D:\ALL_PROJECTS\hello_world\hello_world.sdk\.sdk\launch_scripts\xilinx_c-c++_application_(system_debugger)\system_debugger_using_debug_hello_world.elf_on_local.tcl'
14:20:10 INFO  : Disconnected from the channel tcfchan#2.
14:20:11 INFO  : Connected to target on host '127.0.0.1' and port '3121'.
14:20:20 INFO  : ----------------XSDB Script----------------
connect -url tcp:127.0.0.1:3121
----------------End of Script----------------

14:21:00 INFO  : Connected to target on host '127.0.0.1' and port '3121'.
14:21:00 INFO  : Jtag cable 'Digilent Zed 210248A49B8A' is selected.
14:21:01 INFO  : 'jtag frequency' command is executed.
14:21:01 INFO  : Sourcing of 'D:/ALL_PROJECTS/hello_world/hello_world.sdk/system_wrapper_hw_platform_0/ps7_init.tcl' is done.
14:21:01 INFO  : Context for 'APU' is selected.
14:21:01 INFO  : Hardware design information is loaded from 'D:/ALL_PROJECTS/hello_world/hello_world.sdk/system_wrapper_hw_platform_0/system.hdf'.
14:21:01 INFO  : 'configparams force-mem-access 1' command is executed.
14:21:01 INFO  : Context for 'APU' is selected.
14:21:01 INFO  : 'stop' command is executed.
14:21:01 INFO  : 'ps7_init' command is executed.
14:21:01 INFO  : 'ps7_post_config' command is executed.
14:21:01 INFO  : Context for processor 'ps7_cortexa9_0' is selected.
14:21:01 INFO  : Processor reset is completed for 'ps7_cortexa9_0'.
14:21:01 INFO  : Context for processor 'ps7_cortexa9_0' is selected.
14:21:01 INFO  : The application 'D:/ALL_PROJECTS/hello_world/hello_world.sdk/Hello_world/Debug/Hello_world.elf' is downloaded to processor 'ps7_cortexa9_0'.
14:21:01 INFO  : 'configparams force-mem-access 0' command is executed.
14:21:01 INFO  : ----------------XSDB Script----------------
connect -url tcp:127.0.0.1:3121
source D:/ALL_PROJECTS/hello_world/hello_world.sdk/system_wrapper_hw_platform_0/ps7_init.tcl
targets -set -nocase -filter {name =~"APU*" && jtag_cable_name =~ "Digilent Zed 210248A49B8A"} -index 0
loadhw -hw D:/ALL_PROJECTS/hello_world/hello_world.sdk/system_wrapper_hw_platform_0/system.hdf -mem-ranges [list {0x40000000 0xbfffffff}]
configparams force-mem-access 1
targets -set -nocase -filter {name =~"APU*" && jtag_cable_name =~ "Digilent Zed 210248A49B8A"} -index 0
stop
ps7_init
ps7_post_config
targets -set -nocase -filter {name =~ "ARM*#0" && jtag_cable_name =~ "Digilent Zed 210248A49B8A"} -index 0
rst -processor
targets -set -nocase -filter {name =~ "ARM*#0" && jtag_cable_name =~ "Digilent Zed 210248A49B8A"} -index 0
dow D:/ALL_PROJECTS/hello_world/hello_world.sdk/Hello_world/Debug/Hello_world.elf
configparams force-mem-access 0
----------------End of Script----------------

14:21:01 INFO  : Context for processor 'ps7_cortexa9_0' is selected.
14:21:01 INFO  : 'con' command is executed.
14:21:01 INFO  : ----------------XSDB Script (After Launch)----------------
targets -set -nocase -filter {name =~ "ARM*#0" && jtag_cable_name =~ "Digilent Zed 210248A49B8A"} -index 0
con
----------------End of Script----------------

14:21:01 INFO  : Launch script is exported to file 'D:\ALL_PROJECTS\hello_world\hello_world.sdk\.sdk\launch_scripts\xilinx_c-c++_application_(system_debugger)\system_debugger_using_debug_hello_world.elf_on_local.tcl'
14:25:50 INFO  : Disconnected from the channel tcfchan#3.
14:25:51 INFO  : Connected to target on host '127.0.0.1' and port '3121'.
14:25:51 INFO  : Jtag cable 'Digilent Zed 210248A49B8A' is selected.
14:25:51 INFO  : 'jtag frequency' command is executed.
14:25:51 INFO  : Sourcing of 'D:/ALL_PROJECTS/hello_world/hello_world.sdk/system_wrapper_hw_platform_0/ps7_init.tcl' is done.
14:25:51 INFO  : Context for 'APU' is selected.
14:25:53 INFO  : Hardware design information is loaded from 'D:/ALL_PROJECTS/hello_world/hello_world.sdk/system_wrapper_hw_platform_0/system.hdf'.
14:25:53 INFO  : 'configparams force-mem-access 1' command is executed.
14:25:53 INFO  : Context for 'APU' is selected.
14:25:53 INFO  : 'stop' command is executed.
14:25:55 INFO  : 'ps7_init' command is executed.
14:25:55 INFO  : 'ps7_post_config' command is executed.
14:25:55 INFO  : Context for processor 'ps7_cortexa9_0' is selected.
14:25:55 INFO  : Processor reset is completed for 'ps7_cortexa9_0'.
14:25:55 INFO  : Context for processor 'ps7_cortexa9_0' is selected.
14:25:56 INFO  : The application 'D:/ALL_PROJECTS/hello_world/hello_world.sdk/Hello_world/Debug/Hello_world.elf' is downloaded to processor 'ps7_cortexa9_0'.
14:25:56 INFO  : 'configparams force-mem-access 0' command is executed.
14:25:56 INFO  : ----------------XSDB Script----------------
connect -url tcp:127.0.0.1:3121
source D:/ALL_PROJECTS/hello_world/hello_world.sdk/system_wrapper_hw_platform_0/ps7_init.tcl
targets -set -nocase -filter {name =~"APU*" && jtag_cable_name =~ "Digilent Zed 210248A49B8A"} -index 0
loadhw -hw D:/ALL_PROJECTS/hello_world/hello_world.sdk/system_wrapper_hw_platform_0/system.hdf -mem-ranges [list {0x40000000 0xbfffffff}]
configparams force-mem-access 1
targets -set -nocase -filter {name =~"APU*" && jtag_cable_name =~ "Digilent Zed 210248A49B8A"} -index 0
stop
ps7_init
ps7_post_config
targets -set -nocase -filter {name =~ "ARM*#0" && jtag_cable_name =~ "Digilent Zed 210248A49B8A"} -index 0
rst -processor
targets -set -nocase -filter {name =~ "ARM*#0" && jtag_cable_name =~ "Digilent Zed 210248A49B8A"} -index 0
dow D:/ALL_PROJECTS/hello_world/hello_world.sdk/Hello_world/Debug/Hello_world.elf
configparams force-mem-access 0
----------------End of Script----------------

14:25:56 INFO  : Context for processor 'ps7_cortexa9_0' is selected.
14:25:56 INFO  : 'con' command is executed.
14:25:56 INFO  : ----------------XSDB Script (After Launch)----------------
targets -set -nocase -filter {name =~ "ARM*#0" && jtag_cable_name =~ "Digilent Zed 210248A49B8A"} -index 0
con
----------------End of Script----------------

14:25:56 INFO  : Launch script is exported to file 'D:\ALL_PROJECTS\hello_world\hello_world.sdk\.sdk\launch_scripts\xilinx_c-c++_application_(system_debugger)\system_debugger_using_debug_hello_world.elf_on_local.tcl'
14:26:55 INFO  : Disconnected from the channel tcfchan#4.
