15:51:17 INFO  : Registering command handlers for SDK TCF services
15:51:19 INFO  : Launching XSCT server: xsct.bat -interactive D:\ALL_PROJECTS\motor_control\motor_control.sdk\temp_xsdb_launch_script.tcl
15:51:21 INFO  : XSCT server has started successfully.
15:51:22 INFO  : Successfully done setting XSCT server connection channel  
15:51:22 INFO  : Processing command line option -hwspec D:/ALL_PROJECTS/motor_control/motor_control.sdk/design_motor_control_wrapper.hdf.
15:51:22 INFO  : Successfully done setting SDK workspace  
20:04:48 INFO  : Registering command handlers for SDK TCF services
20:04:51 INFO  : Launching XSCT server: xsct.bat -interactive D:\ALL_PROJECTS\motor_control\motor_control.sdk\temp_xsdb_launch_script.tcl
20:04:56 INFO  : XSCT server has started successfully.
20:04:56 INFO  : Successfully done setting XSCT server connection channel  
20:05:01 INFO  : Successfully done setting SDK workspace  
20:05:01 INFO  : Processing command line option -hwspec D:/ALL_PROJECTS/motor_control/motor_control.sdk/design_motor_control_wrapper.hdf.
20:05:01 INFO  : Checking for hwspec changes in the project design_motor_control_wrapper_hw_platform_0.
21:23:24 INFO  : Connected to target on host '127.0.0.1' and port '3121'.
21:23:25 INFO  : 'targets -set -filter {jtag_cable_name =~ "Digilent Zed 210248A49B8A" && level==0} -index 1' command is executed.
21:23:28 INFO  : FPGA configured successfully with bitstream "D:/ALL_PROJECTS/motor_control/motor_control.runs/impl_1/design_motor_control_wrapper.bit"
21:23:40 INFO  : 'targets -set -filter {jtag_cable_name =~ "Digilent Zed 210248A49B8A" && level==0} -index 1' command is executed.
21:23:40 INFO  : 'fpga -state' command is executed.
21:23:40 INFO  : Connected to target on host '127.0.0.1' and port '3121'.
21:23:41 INFO  : Jtag cable 'Digilent Zed 210248A49B8A' is selected.
21:23:41 INFO  : 'jtag frequency' command is executed.
21:23:41 INFO  : Sourcing of 'D:/ALL_PROJECTS/motor_control/motor_control.sdk/design_motor_control_wrapper_hw_platform_0/ps7_init.tcl' is done.
21:23:41 INFO  : Context for 'APU' is selected.
21:23:41 INFO  : Hardware design information is loaded from 'D:/ALL_PROJECTS/motor_control/motor_control.sdk/design_motor_control_wrapper_hw_platform_0/system.hdf'.
21:23:41 INFO  : 'configparams force-mem-access 1' command is executed.
21:23:41 INFO  : Context for 'APU' is selected.
21:23:41 INFO  : 'stop' command is executed.
21:23:41 INFO  : 'ps7_init' command is executed.
21:23:41 INFO  : 'ps7_post_config' command is executed.
21:23:41 INFO  : Context for processor 'ps7_cortexa9_0' is selected.
21:23:42 INFO  : Processor reset is completed for 'ps7_cortexa9_0'.
21:23:42 INFO  : Context for processor 'ps7_cortexa9_0' is selected.
21:23:42 INFO  : The application 'D:/ALL_PROJECTS/motor_control/motor_control.sdk/motor_control/Debug/motor_control.elf' is downloaded to processor 'ps7_cortexa9_0'.
21:23:42 INFO  : 'configparams force-mem-access 0' command is executed.
21:23:42 INFO  : ----------------XSDB Script----------------
connect -url tcp:127.0.0.1:3121
source D:/ALL_PROJECTS/motor_control/motor_control.sdk/design_motor_control_wrapper_hw_platform_0/ps7_init.tcl
targets -set -nocase -filter {name =~"APU*" && jtag_cable_name =~ "Digilent Zed 210248A49B8A"} -index 0
loadhw -hw D:/ALL_PROJECTS/motor_control/motor_control.sdk/design_motor_control_wrapper_hw_platform_0/system.hdf -mem-ranges [list {0x40000000 0xbfffffff}]
configparams force-mem-access 1
targets -set -nocase -filter {name =~"APU*" && jtag_cable_name =~ "Digilent Zed 210248A49B8A"} -index 0
stop
ps7_init
ps7_post_config
targets -set -nocase -filter {name =~ "ARM*#0" && jtag_cable_name =~ "Digilent Zed 210248A49B8A"} -index 0
rst -processor
targets -set -nocase -filter {name =~ "ARM*#0" && jtag_cable_name =~ "Digilent Zed 210248A49B8A"} -index 0
dow D:/ALL_PROJECTS/motor_control/motor_control.sdk/motor_control/Debug/motor_control.elf
configparams force-mem-access 0
----------------End of Script----------------

21:23:42 INFO  : Memory regions updated for context APU
21:23:42 INFO  : Context for processor 'ps7_cortexa9_0' is selected.
21:23:42 INFO  : 'con' command is executed.
21:23:42 INFO  : ----------------XSDB Script (After Launch)----------------
targets -set -nocase -filter {name =~ "ARM*#0" && jtag_cable_name =~ "Digilent Zed 210248A49B8A"} -index 0
con
----------------End of Script----------------

21:23:42 INFO  : Launch script is exported to file 'D:\ALL_PROJECTS\motor_control\motor_control.sdk\.sdk\launch_scripts\xilinx_c-c++_application_(system_debugger)\system_debugger_using_debug_motor_control.elf_on_local.tcl'
21:25:29 INFO  : Disconnected from the channel tcfchan#1.
21:25:30 INFO  : 'targets -set -filter {jtag_cable_name =~ "Digilent Zed 210248A49B8A" && level==0} -index 1' command is executed.
21:25:30 INFO  : 'fpga -state' command is executed.
21:25:30 INFO  : Connected to target on host '127.0.0.1' and port '3121'.
21:25:31 INFO  : Jtag cable 'Digilent Zed 210248A49B8A' is selected.
21:25:31 INFO  : 'jtag frequency' command is executed.
21:25:31 INFO  : Sourcing of 'D:/ALL_PROJECTS/motor_control/motor_control.sdk/design_motor_control_wrapper_hw_platform_0/ps7_init.tcl' is done.
21:25:31 INFO  : Context for 'APU' is selected.
21:25:33 INFO  : Hardware design information is loaded from 'D:/ALL_PROJECTS/motor_control/motor_control.sdk/design_motor_control_wrapper_hw_platform_0/system.hdf'.
21:25:33 INFO  : 'configparams force-mem-access 1' command is executed.
21:25:33 INFO  : Context for 'APU' is selected.
21:25:33 INFO  : 'stop' command is executed.
21:25:34 INFO  : 'ps7_init' command is executed.
21:25:34 INFO  : 'ps7_post_config' command is executed.
21:25:34 INFO  : Context for processor 'ps7_cortexa9_0' is selected.
21:25:34 INFO  : Processor reset is completed for 'ps7_cortexa9_0'.
21:25:34 INFO  : Context for processor 'ps7_cortexa9_0' is selected.
21:25:34 INFO  : The application 'D:/ALL_PROJECTS/motor_control/motor_control.sdk/motor_control/Debug/motor_control.elf' is downloaded to processor 'ps7_cortexa9_0'.
21:25:34 INFO  : 'configparams force-mem-access 0' command is executed.
21:25:34 INFO  : ----------------XSDB Script----------------
connect -url tcp:127.0.0.1:3121
source D:/ALL_PROJECTS/motor_control/motor_control.sdk/design_motor_control_wrapper_hw_platform_0/ps7_init.tcl
targets -set -nocase -filter {name =~"APU*" && jtag_cable_name =~ "Digilent Zed 210248A49B8A"} -index 0
loadhw -hw D:/ALL_PROJECTS/motor_control/motor_control.sdk/design_motor_control_wrapper_hw_platform_0/system.hdf -mem-ranges [list {0x40000000 0xbfffffff}]
configparams force-mem-access 1
targets -set -nocase -filter {name =~"APU*" && jtag_cable_name =~ "Digilent Zed 210248A49B8A"} -index 0
stop
ps7_init
ps7_post_config
targets -set -nocase -filter {name =~ "ARM*#0" && jtag_cable_name =~ "Digilent Zed 210248A49B8A"} -index 0
rst -processor
targets -set -nocase -filter {name =~ "ARM*#0" && jtag_cable_name =~ "Digilent Zed 210248A49B8A"} -index 0
dow D:/ALL_PROJECTS/motor_control/motor_control.sdk/motor_control/Debug/motor_control.elf
configparams force-mem-access 0
----------------End of Script----------------

21:25:34 INFO  : Memory regions updated for context APU
21:25:34 INFO  : Context for processor 'ps7_cortexa9_0' is selected.
21:25:34 INFO  : 'con' command is executed.
21:25:34 INFO  : ----------------XSDB Script (After Launch)----------------
targets -set -nocase -filter {name =~ "ARM*#0" && jtag_cable_name =~ "Digilent Zed 210248A49B8A"} -index 0
con
----------------End of Script----------------

21:25:34 INFO  : Launch script is exported to file 'D:\ALL_PROJECTS\motor_control\motor_control.sdk\.sdk\launch_scripts\xilinx_c-c++_application_(system_debugger)\system_debugger_using_debug_motor_control.elf_on_local.tcl'
21:26:37 INFO  : Disconnected from the channel tcfchan#2.
21:26:38 INFO  : 'targets -set -filter {jtag_cable_name =~ "Digilent Zed 210248A49B8A" && level==0} -index 1' command is executed.
21:26:38 INFO  : 'fpga -state' command is executed.
21:26:38 INFO  : Connected to target on host '127.0.0.1' and port '3121'.
21:26:38 INFO  : Jtag cable 'Digilent Zed 210248A49B8A' is selected.
21:26:38 INFO  : 'jtag frequency' command is executed.
21:26:38 INFO  : Sourcing of 'D:/ALL_PROJECTS/motor_control/motor_control.sdk/design_motor_control_wrapper_hw_platform_0/ps7_init.tcl' is done.
21:26:38 INFO  : Context for 'APU' is selected.
21:26:40 INFO  : Hardware design information is loaded from 'D:/ALL_PROJECTS/motor_control/motor_control.sdk/design_motor_control_wrapper_hw_platform_0/system.hdf'.
21:26:40 INFO  : 'configparams force-mem-access 1' command is executed.
21:26:40 INFO  : Context for 'APU' is selected.
21:26:40 INFO  : 'stop' command is executed.
21:26:41 INFO  : 'ps7_init' command is executed.
21:26:41 INFO  : 'ps7_post_config' command is executed.
21:26:41 INFO  : Context for processor 'ps7_cortexa9_0' is selected.
21:26:41 INFO  : Processor reset is completed for 'ps7_cortexa9_0'.
21:26:41 INFO  : Context for processor 'ps7_cortexa9_0' is selected.
21:26:41 INFO  : The application 'D:/ALL_PROJECTS/motor_control/motor_control.sdk/motor_control/Debug/motor_control.elf' is downloaded to processor 'ps7_cortexa9_0'.
21:26:41 INFO  : 'configparams force-mem-access 0' command is executed.
21:26:41 INFO  : ----------------XSDB Script----------------
connect -url tcp:127.0.0.1:3121
source D:/ALL_PROJECTS/motor_control/motor_control.sdk/design_motor_control_wrapper_hw_platform_0/ps7_init.tcl
targets -set -nocase -filter {name =~"APU*" && jtag_cable_name =~ "Digilent Zed 210248A49B8A"} -index 0
loadhw -hw D:/ALL_PROJECTS/motor_control/motor_control.sdk/design_motor_control_wrapper_hw_platform_0/system.hdf -mem-ranges [list {0x40000000 0xbfffffff}]
configparams force-mem-access 1
targets -set -nocase -filter {name =~"APU*" && jtag_cable_name =~ "Digilent Zed 210248A49B8A"} -index 0
stop
ps7_init
ps7_post_config
targets -set -nocase -filter {name =~ "ARM*#0" && jtag_cable_name =~ "Digilent Zed 210248A49B8A"} -index 0
rst -processor
targets -set -nocase -filter {name =~ "ARM*#0" && jtag_cable_name =~ "Digilent Zed 210248A49B8A"} -index 0
dow D:/ALL_PROJECTS/motor_control/motor_control.sdk/motor_control/Debug/motor_control.elf
configparams force-mem-access 0
----------------End of Script----------------

21:26:41 INFO  : Memory regions updated for context APU
21:26:41 INFO  : Context for processor 'ps7_cortexa9_0' is selected.
21:26:41 INFO  : 'con' command is executed.
21:26:41 INFO  : ----------------XSDB Script (After Launch)----------------
targets -set -nocase -filter {name =~ "ARM*#0" && jtag_cable_name =~ "Digilent Zed 210248A49B8A"} -index 0
con
----------------End of Script----------------

21:26:41 INFO  : Launch script is exported to file 'D:\ALL_PROJECTS\motor_control\motor_control.sdk\.sdk\launch_scripts\xilinx_c-c++_application_(system_debugger)\system_debugger_using_debug_motor_control.elf_on_local.tcl'
21:40:34 INFO  : Disconnected from the channel tcfchan#3.
12:17:35 INFO  : Registering command handlers for SDK TCF services
12:17:37 INFO  : Launching XSCT server: xsct.bat -interactive D:\ALL_PROJECTS\motor_control\motor_control.sdk\temp_xsdb_launch_script.tcl
12:17:44 INFO  : XSCT server has started successfully.
12:17:44 INFO  : Successfully done setting XSCT server connection channel  
12:17:48 INFO  : Successfully done setting SDK workspace  
12:17:48 INFO  : Processing command line option -hwspec D:/ALL_PROJECTS/motor_control/motor_control.sdk/design_motor_control_wrapper.hdf.
12:17:48 INFO  : Checking for hwspec changes in the project design_motor_control_wrapper_hw_platform_0.
12:18:11 INFO  : Connected to target on host '127.0.0.1' and port '3121'.
12:18:12 INFO  : 'targets -set -filter {jtag_cable_name =~ "Digilent Zed 210248A49B8A" && level==0} -index 1' command is executed.
12:18:15 INFO  : FPGA configured successfully with bitstream "D:/ALL_PROJECTS/motor_control/motor_control.runs/impl_1/design_motor_control_wrapper.bit"
12:18:24 INFO  : 'targets -set -filter {jtag_cable_name =~ "Digilent Zed 210248A49B8A" && level==0} -index 1' command is executed.
12:18:24 INFO  : 'fpga -state' command is executed.
12:18:24 INFO  : Connected to target on host '127.0.0.1' and port '3121'.
12:18:24 INFO  : Jtag cable 'Digilent Zed 210248A49B8A' is selected.
12:18:24 INFO  : 'jtag frequency' command is executed.
12:18:25 INFO  : Sourcing of 'D:/ALL_PROJECTS/motor_control/motor_control.sdk/design_motor_control_wrapper_hw_platform_0/ps7_init.tcl' is done.
12:18:25 INFO  : Context for 'APU' is selected.
12:18:25 INFO  : Hardware design information is loaded from 'D:/ALL_PROJECTS/motor_control/motor_control.sdk/design_motor_control_wrapper_hw_platform_0/system.hdf'.
12:18:25 INFO  : 'configparams force-mem-access 1' command is executed.
12:18:25 INFO  : Context for 'APU' is selected.
12:18:25 INFO  : 'stop' command is executed.
12:18:26 INFO  : 'ps7_init' command is executed.
12:18:26 INFO  : 'ps7_post_config' command is executed.
12:18:26 INFO  : Context for processor 'ps7_cortexa9_0' is selected.
12:18:26 INFO  : Processor reset is completed for 'ps7_cortexa9_0'.
12:18:27 INFO  : Context for processor 'ps7_cortexa9_0' is selected.
12:18:27 INFO  : The application 'D:/ALL_PROJECTS/motor_control/motor_control.sdk/motor_control/Debug/motor_control.elf' is downloaded to processor 'ps7_cortexa9_0'.
12:18:27 INFO  : 'configparams force-mem-access 0' command is executed.
12:18:27 INFO  : ----------------XSDB Script----------------
connect -url tcp:127.0.0.1:3121
source D:/ALL_PROJECTS/motor_control/motor_control.sdk/design_motor_control_wrapper_hw_platform_0/ps7_init.tcl
targets -set -nocase -filter {name =~"APU*" && jtag_cable_name =~ "Digilent Zed 210248A49B8A"} -index 0
loadhw -hw D:/ALL_PROJECTS/motor_control/motor_control.sdk/design_motor_control_wrapper_hw_platform_0/system.hdf -mem-ranges [list {0x40000000 0xbfffffff}]
configparams force-mem-access 1
targets -set -nocase -filter {name =~"APU*" && jtag_cable_name =~ "Digilent Zed 210248A49B8A"} -index 0
stop
ps7_init
ps7_post_config
targets -set -nocase -filter {name =~ "ARM*#0" && jtag_cable_name =~ "Digilent Zed 210248A49B8A"} -index 0
rst -processor
targets -set -nocase -filter {name =~ "ARM*#0" && jtag_cable_name =~ "Digilent Zed 210248A49B8A"} -index 0
dow D:/ALL_PROJECTS/motor_control/motor_control.sdk/motor_control/Debug/motor_control.elf
configparams force-mem-access 0
----------------End of Script----------------

12:18:27 INFO  : Memory regions updated for context APU
12:18:27 INFO  : Context for processor 'ps7_cortexa9_0' is selected.
12:18:27 INFO  : 'con' command is executed.
12:18:27 INFO  : ----------------XSDB Script (After Launch)----------------
targets -set -nocase -filter {name =~ "ARM*#0" && jtag_cable_name =~ "Digilent Zed 210248A49B8A"} -index 0
con
----------------End of Script----------------

12:18:27 INFO  : Launch script is exported to file 'D:\ALL_PROJECTS\motor_control\motor_control.sdk\.sdk\launch_scripts\xilinx_c-c++_application_(system_debugger)\system_debugger_using_debug_motor_control.elf_on_local.tcl'
14:11:03 INFO  : Disconnected from the channel tcfchan#1.
